===== STARTING --name asis --rotate-envs false --num-envs 1000 =====
Loading weights:   0%|          | 0/310 [00:00<?, ?it/s]Loading weights: 100%|██████████| 310/310 [00:00<00:00, 12609.80it/s]
[asis] model built in 4.8s on cuda
[asis] random policy holdout: success=0.05641025641025641
[asis] env_step=1000 grad_step=0 | envs_seen=10 | episodes=117 mean_reward=0.05982905998826027
[asis] grad_step=500 | loss=0.0056 q=0.316
[asis] env_step=2000 grad_step=500 | envs_seen=10 | episodes=107 mean_reward=0.05607476457953453
[asis] grad_step=1000 | loss=0.0039 q=0.236
[asis] env_step=3000 grad_step=1000 | envs_seen=10 | episodes=112 mean_reward=0.0535714291036129
[asis] grad_step=1500 | loss=0.0021 q=0.220
[asis] env_step=4000 grad_step=1500 | envs_seen=10 | episodes=101 mean_reward=0.21782177686691284
[asis] grad_step=2000 | loss=0.0028 q=0.292
[asis] env_step=5000 grad_step=2000 | envs_seen=10 | episodes=131 mean_reward=0.35877862572669983
[asis] grad_step=2500 | loss=0.0034 q=0.379
[asis] EVAL holdout @ 2500 temp=0.0: success=0.004347826086956522 bump=0.4664215739764873 stuck=0.202
[asis] EVAL train-maps @ 2500: success=0.4629552354885509 bump=0.3567572504344773 stuck=0.174
[asis] env_step=6000 grad_step=2500 | envs_seen=10 | episodes=137 mean_reward=0.6277372241020203
[asis] grad_step=3000 | loss=0.0035 q=0.480
[asis] env_step=7000 grad_step=3000 | envs_seen=10 | episodes=153 mean_reward=0.843137264251709
[asis] grad_step=3500 | loss=0.0038 q=0.621
[asis] env_step=8000 grad_step=3500 | envs_seen=10 | episodes=198 mean_reward=0.7020202279090881
[asis] grad_step=4000 | loss=0.0032 q=0.714
[asis] env_step=9000 grad_step=4000 | envs_seen=10 | episodes=157 mean_reward=0.7070063948631287
[asis] grad_step=4500 | loss=0.0031 q=0.782
[asis] env_step=10000 grad_step=4500 | envs_seen=10 | episodes=194 mean_reward=0.7164948582649231
[asis] grad_step=5000 | loss=0.0032 q=0.863
[asis] EVAL holdout @ 5000 temp=0.0: success=0.1141025641025641 bump=0.495273572383802 stuck=0.21733333333333332
[asis] EVAL holdout @ 5000 temp=0.2: success=0.04980237154150198 bump=0.187444491295201 stuck=0.002
[asis] EVAL train-maps @ 5000: success=0.6973684210526316 bump=0.13921181878972877 stuck=0.04466666666666667
[asis] done in 1646s -> /home/user/Repos/mouse-core/experiments/results/asis.json
===== FINISHED --name asis --rotate-envs false --num-envs 1000 =====
===== STARTING --name div50 --rotate-envs true --num-envs 50 =====
Loading weights:   0%|          | 0/310 [00:00<?, ?it/s]Loading weights: 100%|██████████| 310/310 [00:00<00:00, 11879.38it/s]
[div50] model built in 4.7s on cuda
[div50] random policy holdout: success=0.09444444444444444
[div50] env_step=1000 grad_step=0 | envs_seen=10 | episodes=116 mean_reward=0.043103449046611786
[div50] grad_step=500 | loss=0.0065 q=0.281
[div50] env_step=2000 grad_step=500 | envs_seen=20 | episodes=102 mean_reward=0.03921568766236305
[div50] grad_step=1000 | loss=0.0043 q=0.303
[div50] env_step=3000 grad_step=1000 | envs_seen=30 | episodes=114 mean_reward=0.061403509229421616
[div50] grad_step=1500 | loss=0.0038 q=0.384
[div50] env_step=4000 grad_step=1500 | envs_seen=40 | episodes=127 mean_reward=0.04724409431219101
[div50] grad_step=2000 | loss=0.0037 q=0.463
[div50] env_step=5000 grad_step=2000 | envs_seen=50 | episodes=144 mean_reward=0.0347222238779068
[div50] grad_step=2500 | loss=0.0031 q=0.431
[div50] EVAL holdout @ 2500 temp=0.0: success=0.0 bump=0.24619123717350214 stuck=0.05466666666666666
[div50] EVAL train-maps @ 2500: success=0.14814814814814814 bump=0.2978096733050413 stuck=0.08133333333333334
[div50] env_step=6000 grad_step=2500 | envs_seen=50 | episodes=149 mean_reward=0.281879186630249
[div50] grad_step=3000 | loss=0.0050 q=0.463
[div50] env_step=7000 grad_step=3000 | envs_seen=50 | episodes=117 mean_reward=0.16239316761493683
[div50] grad_step=3500 | loss=0.0048 q=0.466
[div50] env_step=8000 grad_step=3500 | envs_seen=50 | episodes=102 mean_reward=0.20588235557079315
[div50] grad_step=4000 | loss=0.0053 q=0.472
[div50] env_step=9000 grad_step=4000 | envs_seen=50 | episodes=149 mean_reward=0.10067114233970642
[div50] grad_step=4500 | loss=0.0045 q=0.472
[div50] env_step=10000 grad_step=4500 | envs_seen=50 | episodes=135 mean_reward=0.0962962955236435
[div50] grad_step=5000 | loss=0.0040 q=0.449
[div50] EVAL holdout @ 5000 temp=0.0: success=0.02777777777777778 bump=0.26207023684748254 stuck=0.002666666666666667
[div50] EVAL holdout @ 5000 temp=0.2: success=0.026767676767676767 bump=0.18398535182684622 stuck=0.0
[div50] EVAL train-maps @ 5000: success=0.3135358557684534 bump=0.26249246105979984 stuck=0.01
[div50] done in 1635s -> /home/user/Repos/mouse-core/experiments/results/div50.json
===== FINISHED --name div50 --rotate-envs true --num-envs 50 =====
===== STARTING --name div1000 --rotate-envs true --num-envs 1000 =====
Loading weights:   0%|          | 0/310 [00:00<?, ?it/s]Loading weights: 100%|██████████| 310/310 [00:00<00:00, 12027.62it/s]
[div1000] model built in 4.7s on cuda
[div1000] random policy holdout: success=0.05985605038236617
[div1000] env_step=1000 grad_step=0 | envs_seen=10 | episodes=104 mean_reward=0.07692307978868484
[div1000] grad_step=500 | loss=0.0070 q=0.260
[div1000] env_step=2000 grad_step=500 | envs_seen=20 | episodes=139 mean_reward=0.057553958147764206
[div1000] grad_step=1000 | loss=0.0066 q=0.416
[div1000] env_step=3000 grad_step=1000 | envs_seen=30 | episodes=111 mean_reward=0.11711711436510086
[div1000] grad_step=1500 | loss=0.0053 q=0.515
[div1000] env_step=4000 grad_step=1500 | envs_seen=40 | episodes=149 mean_reward=0.07382550090551376
[div1000] grad_step=2000 | loss=0.0050 q=0.501
[div1000] env_step=5000 grad_step=2000 | envs_seen=50 | episodes=125 mean_reward=0.024000000208616257
[div1000] grad_step=2500 | loss=0.0045 q=0.450
[div1000] EVAL holdout @ 2500 temp=0.0: success=0.0 bump=0.12467713879067668 stuck=0.0
[div1000] EVAL train-maps @ 2500: success=0.23047619047619045 bump=0.1967735277792993 stuck=0.02733333333333333
[div1000] env_step=6000 grad_step=2500 | envs_seen=60 | episodes=131 mean_reward=0.06870228797197342
[div1000] grad_step=3000 | loss=0.0048 q=0.437
[div1000] env_step=7000 grad_step=3000 | envs_seen=70 | episodes=111 mean_reward=0.045045044273138046
[div1000] grad_step=3500 | loss=0.0050 q=0.388
[div1000] env_step=8000 grad_step=3500 | envs_seen=80 | episodes=234 mean_reward=0.08547008782625198
[div1000] grad_step=4000 | loss=0.0053 q=0.413
[div1000] env_step=9000 grad_step=4000 | envs_seen=90 | episodes=171 mean_reward=0.12280701845884323
[div1000] grad_step=4500 | loss=0.0056 q=0.421
[div1000] env_step=10000 grad_step=4500 | envs_seen=100 | episodes=134 mean_reward=0.03731343150138855
[div1000] grad_step=5000 | loss=0.0056 q=0.441
[div1000] EVAL holdout @ 5000 temp=0.0: success=0.09013157894736842 bump=0.20515445065354107 stuck=0.10800000000000001
[div1000] EVAL holdout @ 5000 temp=0.2: success=0.0521978021978022 bump=0.20713417148109098 stuck=0.0
[div1000] EVAL train-maps @ 5000: success=0.3194088669950739 bump=0.2720277706308263 stuck=0.13333333333333333
[div1000] done in 1642s -> /home/user/Repos/mouse-core/experiments/results/div1000.json
===== FINISHED --name div1000 --rotate-envs true --num-envs 1000 =====
===== STARTING --name explore --rotate-envs true --num-envs 50 --exploration-mode per_env --per-env-exploration-steps 150 --epsilon-floor 0.05 =====
Loading weights:   0%|          | 0/310 [00:00<?, ?it/s]Loading weights: 100%|██████████| 310/310 [00:00<00:00, 11460.66it/s]
[explore] model built in 4.7s on cuda
[explore] random policy holdout: success=0.0662037037037037
[explore] env_step=1000 grad_step=0 | envs_seen=10 | episodes=133 mean_reward=0.1428571492433548
[explore] grad_step=500 | loss=0.0106 q=0.385
[explore] env_step=2000 grad_step=500 | envs_seen=20 | episodes=128 mean_reward=0.0078125
[explore] grad_step=1000 | loss=0.0046 q=0.271
[explore] env_step=3000 grad_step=1000 | envs_seen=30 | episodes=109 mean_reward=0.12844036519527435
[explore] grad_step=1500 | loss=0.0065 q=0.348
[explore] env_step=4000 grad_step=1500 | envs_seen=40 | episodes=112 mean_reward=0.125
[explore] grad_step=2000 | loss=0.0059 q=0.369
[explore] env_step=5000 grad_step=2000 | envs_seen=50 | episodes=147 mean_reward=0.013605441898107529
[explore] grad_step=2500 | loss=0.0048 q=0.358
[explore] EVAL holdout @ 2500 temp=0.0: success=0.0 bump=0.14957120367798213 stuck=0.0
[explore] EVAL train-maps @ 2500: success=0.275 bump=0.3862834916030882 stuck=0.18333333333333332
[explore] env_step=6000 grad_step=2500 | envs_seen=50 | episodes=124 mean_reward=0.39516130089759827
[explore] grad_step=3000 | loss=0.0061 q=0.425
[explore] env_step=7000 grad_step=3000 | envs_seen=50 | episodes=131 mean_reward=0.06106870248913765
[explore] grad_step=3500 | loss=0.0051 q=0.402
[explore] env_step=8000 grad_step=3500 | envs_seen=50 | episodes=127 mean_reward=0.27559053897857666
[explore] grad_step=4000 | loss=0.0058 q=0.396
[explore] env_step=9000 grad_step=4000 | envs_seen=50 | episodes=139 mean_reward=0.2374100685119629
[explore] grad_step=4500 | loss=0.0060 q=0.445
[explore] env_step=10000 grad_step=4500 | envs_seen=50 | episodes=144 mean_reward=0.0694444477558136
[explore] grad_step=5000 | loss=0.0054 q=0.422
[explore] EVAL holdout @ 5000 temp=0.0: success=0.1 bump=0.260387754321369 stuck=0.004
[explore] EVAL holdout @ 5000 temp=0.2: success=0.038011695906432746 bump=0.1773990688253592 stuck=0.0
[explore] EVAL train-maps @ 5000: success=0.3002976190476191 bump=0.09413987086985472 stuck=0.0
[explore] done in 1626s -> /home/user/Repos/mouse-core/experiments/results/explore.json
===== FINISHED --name explore --rotate-envs true --num-envs 50 --exploration-mode per_env --per-env-exploration-steps 150 --epsilon-floor 0.05 =====
===== STARTING --name gamma --rotate-envs true --num-envs 50 --gamma-step 0.99 =====
Loading weights:   0%|          | 0/310 [00:00<?, ?it/s]Loading weights: 100%|██████████| 310/310 [00:00<00:00, 10706.72it/s]
[gamma] model built in 4.7s on cuda
[gamma] random policy holdout: success=0.08611111111111111
[gamma] env_step=1000 grad_step=0 | envs_seen=10 | episodes=125 mean_reward=0.07199999690055847
[gamma] grad_step=500 | loss=0.0069 q=0.248
[gamma] env_step=2000 grad_step=500 | envs_seen=20 | episodes=131 mean_reward=0.05343511328101158
[gamma] grad_step=1000 | loss=0.0042 q=0.265
[gamma] env_step=3000 grad_step=1000 | envs_seen=30 | episodes=117 mean_reward=0.07692307978868484
[gamma] grad_step=1500 | loss=0.0040 q=0.281
[gamma] env_step=4000 grad_step=1500 | envs_seen=40 | episodes=142 mean_reward=0.007042253389954567
[gamma] grad_step=2000 | loss=0.0034 q=0.302
[gamma] env_step=5000 grad_step=2000 | envs_seen=50 | episodes=187 mean_reward=0.010695187374949455
[gamma] grad_step=2500 | loss=0.0030 q=0.211
[gamma] EVAL holdout @ 2500 temp=0.0: success=0.0 bump=0.3500020729728769 stuck=0.05466666666666666
[gamma] EVAL train-maps @ 2500: success=0.14878048780487804 bump=0.12616385565800686 stuck=0.025333333333333336
[gamma] env_step=6000 grad_step=2500 | envs_seen=50 | episodes=113 mean_reward=0.22123894095420837
[gamma] grad_step=3000 | loss=0.0039 q=0.249
[gamma] env_step=7000 grad_step=3000 | envs_seen=50 | episodes=112 mean_reward=0.2321428507566452
[gamma] grad_step=3500 | loss=0.0044 q=0.296
[gamma] env_step=8000 grad_step=3500 | envs_seen=50 | episodes=75 mean_reward=0.30666667222976685
[gamma] grad_step=4000 | loss=0.0041 q=0.325
[gamma] env_step=9000 grad_step=4000 | envs_seen=50 | episodes=119 mean_reward=0.0
[gamma] grad_step=4500 | loss=0.0036 q=0.312
[gamma] env_step=10000 grad_step=4500 | envs_seen=50 | episodes=135 mean_reward=0.05925925821065903
[gamma] grad_step=5000 | loss=0.0034 q=0.294
[gamma] EVAL holdout @ 5000 temp=0.0: success=0.08145363408521303 bump=0.3497671421618092 stuck=0.08466666666666667
[gamma] EVAL holdout @ 5000 temp=0.2: success=0.08844097079391197 bump=0.21888722635854005 stuck=0.0
[gamma] EVAL train-maps @ 5000: success=0.30843137254901964 bump=0.3075685680436243 stuck=0.043333333333333335
[gamma] done in 1641s -> /home/user/Repos/mouse-core/experiments/results/gamma.json
===== FINISHED --name gamma --rotate-envs true --num-envs 50 --gamma-step 0.99 =====
===== STARTING --name penalty --rotate-envs true --num-envs 50 --step-penalty -0.02 =====
Loading weights:   0%|          | 0/310 [00:00<?, ?it/s]Loading weights: 100%|██████████| 310/310 [00:00<00:00, 11698.54it/s]
[penalty] model built in 4.8s on cuda
[penalty] random policy holdout: success=0.08922077922077923
[penalty] env_step=1000 grad_step=0 | envs_seen=10 | episodes=99 mean_reward=-0.14646464586257935
[penalty] grad_step=500 | loss=0.0030 q=0.079
[penalty] env_step=2000 grad_step=500 | envs_seen=20 | episodes=137 mean_reward=-0.07708028703927994
[penalty] grad_step=1000 | loss=0.0050 q=0.219
[penalty] env_step=3000 grad_step=1000 | envs_seen=30 | episodes=107 mean_reward=-0.03308410570025444
[penalty] grad_step=1500 | loss=0.0041 q=0.258
[penalty] env_step=4000 grad_step=1500 | envs_seen=40 | episodes=128 mean_reward=-0.06359374523162842
[penalty] grad_step=2000 | loss=0.0040 q=0.415
[penalty] env_step=5000 grad_step=2000 | envs_seen=50 | episodes=115 mean_reward=-0.11860869824886322
[penalty] grad_step=2500 | loss=0.0033 q=0.409
[penalty] EVAL holdout @ 2500 temp=0.0: success=0.06923076923076923 bump=0.6359867967265888 stuck=0.2946666666666667
[penalty] EVAL train-maps @ 2500: success=0.0925021795989538 bump=0.3807863896992246 stuck=0.12666666666666665
[penalty] env_step=6000 grad_step=2500 | envs_seen=50 | episodes=144 mean_reward=0.007916666567325592
[penalty] grad_step=3000 | loss=0.0041 q=0.368
[penalty] env_step=7000 grad_step=3000 | envs_seen=50 | episodes=192 mean_reward=0.03687499836087227
[penalty] grad_step=3500 | loss=0.0044 q=0.366
[penalty] env_step=8000 grad_step=3500 | envs_seen=50 | episodes=123 mean_reward=0.13382114470005035
[penalty] grad_step=4000 | loss=0.0047 q=0.348
[penalty] env_step=9000 grad_step=4000 | envs_seen=50 | episodes=150 mean_reward=-0.09653332829475403
[penalty] grad_step=4500 | loss=0.0047 q=0.330
[penalty] env_step=10000 grad_step=4500 | envs_seen=50 | episodes=189 mean_reward=-0.026137564331293106
[penalty] grad_step=5000 | loss=0.0045 q=0.331
[penalty] EVAL holdout @ 5000 temp=0.0: success=0.0 bump=0.6324417719784147 stuck=0.33666666666666667
[penalty] EVAL holdout @ 5000 temp=0.2: success=0.06833333333333333 bump=0.1942835662198486 stuck=0.0
[penalty] EVAL train-maps @ 5000: success=0.23661570661570663 bump=0.3614191534823924 stuck=0.10733333333333332
[penalty] done in 1680s -> /home/user/Repos/mouse-core/experiments/results/penalty.json
===== FINISHED --name penalty --rotate-envs true --num-envs 50 --step-penalty -0.02 =====
===== STAGE1 COMPLETE =====
