===== STARTING --name oracle_pen --exploration-mode oracle --augment true =====
Loading weights:   0%|          | 0/310 [00:00<?, ?it/s]Loading weights: 100%|██████████| 310/310 [00:00<00:00, 11786.24it/s]
[oracle_pen] model built in 4.8s on cuda
[oracle_pen] random policy holdout: success=0.05921568627450981
[oracle_pen] env_step=2000 grad_step=0 | envs_seen=10 | episodes=284 mean_reward=0.6660211682319641
[oracle_pen] grad_step=500 | loss=0.0412 q=0.784
[oracle_pen] env_step=4000 grad_step=500 | envs_seen=20 | episodes=289 mean_reward=0.6370934247970581
[oracle_pen] grad_step=1000 | loss=0.0141 q=0.789
[oracle_pen] env_step=6000 grad_step=1000 | envs_seen=30 | episodes=291 mean_reward=0.6981099843978882
[oracle_pen] grad_step=1500 | loss=0.0124 q=0.883
[oracle_pen] env_step=8000 grad_step=1500 | envs_seen=40 | episodes=245 mean_reward=0.5788979530334473
[oracle_pen] grad_step=2000 | loss=0.0119 q=0.905
[oracle_pen] env_step=10000 grad_step=2000 | envs_seen=50 | episodes=256 mean_reward=0.5389453172683716
[oracle_pen] grad_step=2500 | loss=0.0097 q=0.955
[oracle_pen] EVAL holdout @ 2500 temp=0.0: success=0.2 bump=0.4470008663954313 stuck=0.258
[oracle_pen] EVAL train-maps @ 2500: success=0.002040816326530612 bump=0.6650884127924301 stuck=0.37066666666666664
[oracle_pen] env_step=12000 grad_step=2500 | envs_seen=60 | episodes=306 mean_reward=0.6349673271179199
[oracle_pen] grad_step=3000 | loss=0.0100 q=1.010
[oracle_pen] env_step=14000 grad_step=3000 | envs_seen=70 | episodes=284 mean_reward=0.5394013524055481
[oracle_pen] grad_step=3500 | loss=0.0105 q=1.054
[oracle_pen] env_step=16000 grad_step=3500 | envs_seen=80 | episodes=269 mean_reward=0.47654277086257935
[oracle_pen] grad_step=4000 | loss=0.0108 q=1.082
[oracle_pen] env_step=18000 grad_step=4000 | envs_seen=90 | episodes=311 mean_reward=0.7181671857833862
[oracle_pen] grad_step=4500 | loss=0.0109 q=1.173
[oracle_pen] env_step=20000 grad_step=4500 | envs_seen=100 | episodes=243 mean_reward=0.5709465146064758
[oracle_pen] grad_step=5000 | loss=0.0108 q=1.222
[oracle_pen] EVAL holdout @ 5000 temp=0.0: success=0.0 bump=0.5018385836411834 stuck=0.24333333333333332
[oracle_pen] EVAL holdout @ 5000 temp=0.2: success=0.1375 bump=0.1923400659866113 stuck=0.0
[oracle_pen] EVAL train-maps @ 5000: success=0.1 bump=0.5872056586638241 stuck=0.392
[oracle_pen] done in 1565s -> /home/user/Repos/mouse-core/experiments/results/oracle_pen.json
===== FINISHED --name oracle_pen --exploration-mode oracle --augment true =====
===== STARTING --name oracle_pen_noaug --exploration-mode oracle --augment false =====
Loading weights:   0%|          | 0/310 [00:00<?, ?it/s]Loading weights: 100%|██████████| 310/310 [00:00<00:00, 11481.71it/s]
[oracle_pen_noaug] model built in 4.8s on cuda
[oracle_pen_noaug] random policy holdout: success=0.0776923076923077
[oracle_pen_noaug] env_step=2000 grad_step=0 | envs_seen=10 | episodes=278 mean_reward=0.6548561453819275
[oracle_pen_noaug] grad_step=500 | loss=0.0258 q=0.877
[oracle_pen_noaug] env_step=4000 grad_step=500 | envs_seen=20 | episodes=290 mean_reward=0.6518965363502502
[oracle_pen_noaug] grad_step=1000 | loss=0.0066 q=0.892
[oracle_pen_noaug] env_step=6000 grad_step=1000 | envs_seen=30 | episodes=307 mean_reward=0.6491856575012207
[oracle_pen_noaug] grad_step=1500 | loss=0.0051 q=0.956
[oracle_pen_noaug] env_step=8000 grad_step=1500 | envs_seen=40 | episodes=255 mean_reward=0.5524314045906067
[oracle_pen_noaug] grad_step=2000 | loss=0.0046 q=1.003
[oracle_pen_noaug] env_step=10000 grad_step=2000 | envs_seen=50 | episodes=261 mean_reward=0.5165900588035583
[oracle_pen_noaug] grad_step=2500 | loss=0.0048 q=1.048
[oracle_pen_noaug] EVAL holdout @ 2500 temp=0.0: success=0.1 bump=0.5489786441465516 stuck=0.27199999999999996
[oracle_pen_noaug] EVAL train-maps @ 2500: success=0.36174720482420475 bump=0.21981543144365925 stuck=0.044
[oracle_pen_noaug] env_step=12000 grad_step=2500 | envs_seen=60 | episodes=287 mean_reward=0.6758536696434021
[oracle_pen_noaug] grad_step=3000 | loss=0.0053 q=1.116
[oracle_pen_noaug] env_step=14000 grad_step=3000 | envs_seen=70 | episodes=285 mean_reward=0.5689824819564819
[oracle_pen_noaug] grad_step=3500 | loss=0.0051 q=1.173
[oracle_pen_noaug] env_step=16000 grad_step=3500 | envs_seen=80 | episodes=255 mean_reward=0.49799999594688416
[oracle_pen_noaug] grad_step=4000 | loss=0.0057 q=1.192
[oracle_pen_noaug] env_step=18000 grad_step=4000 | envs_seen=90 | episodes=312 mean_reward=0.7193269729614258
[oracle_pen_noaug] grad_step=4500 | loss=0.0055 q=1.284
[oracle_pen_noaug] env_step=20000 grad_step=4500 | envs_seen=100 | episodes=258 mean_reward=0.5495736598968506
[oracle_pen_noaug] grad_step=5000 | loss=0.0055 q=1.331
[oracle_pen_noaug] EVAL holdout @ 5000 temp=0.0: success=0.11643356643356643 bump=0.40183321348046236 stuck=0.118
[oracle_pen_noaug] EVAL holdout @ 5000 temp=0.2: success=0.11515151515151516 bump=0.18648434877273987 stuck=0.0
[oracle_pen_noaug] EVAL train-maps @ 5000: success=0.358974358974359 bump=0.4199830638758394 stuck=0.21933333333333332
[oracle_pen_noaug] done in 1559s -> /home/user/Repos/mouse-core/experiments/results/oracle_pen_noaug.json
===== FINISHED --name oracle_pen_noaug --exploration-mode oracle --augment false =====
===== STARTING --name model_pen --exploration-mode per_env --augment true =====
Loading weights:   0%|          | 0/310 [00:00<?, ?it/s]Loading weights: 100%|██████████| 310/310 [00:00<00:00, 10720.40it/s]
[model_pen] model built in 5.0s on cuda
[model_pen] random policy holdout: success=0.10166666666666666
[model_pen] env_step=2000 grad_step=0 | envs_seen=10 | episodes=289 mean_reward=0.016055366024374962
[model_pen] grad_step=500 | loss=0.0100 q=0.127
[model_pen] env_step=4000 grad_step=500 | envs_seen=20 | episodes=373 mean_reward=0.022225206717848778
[model_pen] grad_step=1000 | loss=0.0075 q=0.091
[model_pen] env_step=6000 grad_step=1000 | envs_seen=30 | episodes=171 mean_reward=0.04602339491248131
[model_pen] grad_step=1500 | loss=0.0060 q=0.075
[model_pen] env_step=8000 grad_step=1500 | envs_seen=40 | episodes=216 mean_reward=-0.05537037178874016
[model_pen] grad_step=2000 | loss=0.0036 q=0.064
[model_pen] env_step=10000 grad_step=2000 | envs_seen=50 | episodes=266 mean_reward=-0.059473682194948196
[model_pen] grad_step=2500 | loss=0.0030 q=0.061
[model_pen] EVAL holdout @ 2500 temp=0.0: success=0.0 bump=0.7935875252337989 stuck=0.5193333333333333
[model_pen] EVAL train-maps @ 2500: success=0.0 bump=0.7601539871811754 stuck=0.43466666666666665
[model_pen] env_step=12000 grad_step=2500 | envs_seen=60 | episodes=285 mean_reward=0.0015438661212101579
[model_pen] grad_step=3000 | loss=0.0037 q=0.062
[model_pen] env_step=14000 grad_step=3000 | envs_seen=70 | episodes=223 mean_reward=-0.06721972674131393
[model_pen] grad_step=3500 | loss=0.0030 q=0.058
[model_pen] env_step=16000 grad_step=3500 | envs_seen=80 | episodes=287 mean_reward=-0.025226479396224022
[model_pen] grad_step=4000 | loss=0.0032 q=0.065
[model_pen] env_step=18000 grad_step=4000 | envs_seen=90 | episodes=206 mean_reward=0.002621363615617156
[model_pen] grad_step=4500 | loss=0.0039 q=0.069
[model_pen] env_step=20000 grad_step=4500 | envs_seen=100 | episodes=221 mean_reward=0.0020361999049782753
[model_pen] grad_step=5000 | loss=0.0039 q=0.073
[model_pen] EVAL holdout @ 5000 temp=0.0: success=0.0 bump=0.3954433180321527 stuck=0.22933333333333333
[model_pen] EVAL holdout @ 5000 temp=0.2: success=0.075 bump=0.21765761817886423 stuck=0.0
[model_pen] EVAL train-maps @ 5000: success=0.0020833333333333333 bump=0.5044162447276492 stuck=0.2966666666666667
[model_pen] done in 1848s -> /home/user/Repos/mouse-core/experiments/results/model_pen.json
===== FINISHED --name model_pen --exploration-mode per_env --augment true =====
===== STAGE3 COMPLETE =====
